{
  "0 debug pnpm:scope": {
    "selected": 1
  },
  "1 info pnpm": {
    "err": {
      "name": "Error",
      "message": "not found: workplace",
      "code": "ENOENT",
      "stack": "Error: not found: workplace\n    at getNotFoundError (C:\\Users\\htwoo\\AppData\\Roaming\\npm\\node_modules\\pnpm\\dist\\pnpm.cjs:41576:51)\n    at Function.whichSync [as sync] (C:\\Users\\htwoo\\AppData\\Roaming\\npm\\node_modules\\pnpm\\dist\\pnpm.cjs:41653:13)\n    at getCommandAbsolutePathSync (C:\\Users\\htwoo\\AppData\\Roaming\\npm\\node_modules\\pnpm\\dist\\pnpm.cjs:43218:44)\n    at default_1 (C:\\Users\\htwoo\\AppData\\Roaming\\npm\\node_modules\\pnpm\\dist\\pnpm.cjs:43227:32)\n    at C:\\Users\\htwoo\\AppData\\Roaming\\npm\\node_modules\\pnpm\\dist\\pnpm.cjs:177995:39"
    }
  },
  "2 error pnpm": {
    "code": "ERR_PNPM_RECURSIVE_EXEC_FIRST_FAIL",
    "prefix": "D:\\markdown_notebook\\frontend\\tmp\\mini-vue",
    "err": {
      "name": "pnpm",
      "message": "not found: workplace",
      "code": "ERR_PNPM_RECURSIVE_EXEC_FIRST_FAIL",
      "stack": "Error: not found: workplace\n    at getNotFoundError (C:\\Users\\htwoo\\AppData\\Roaming\\npm\\node_modules\\pnpm\\dist\\pnpm.cjs:41576:51)\n    at Function.whichSync [as sync] (C:\\Users\\htwoo\\AppData\\Roaming\\npm\\node_modules\\pnpm\\dist\\pnpm.cjs:41653:13)\n    at getCommandAbsolutePathSync (C:\\Users\\htwoo\\AppData\\Roaming\\npm\\node_modules\\pnpm\\dist\\pnpm.cjs:43218:44)\n    at default_1 (C:\\Users\\htwoo\\AppData\\Roaming\\npm\\node_modules\\pnpm\\dist\\pnpm.cjs:43227:32)\n    at C:\\Users\\htwoo\\AppData\\Roaming\\npm\\node_modules\\pnpm\\dist\\pnpm.cjs:177995:39"
    }
  }
}